<?xml version="1.0" encoding="UTF-8"?>
<testsuite xmlns:xsi="http://www.w3.org/2001/XMLSchema-instance" xsi:noNamespaceSchemaLocation="https://maven.apache.org/surefire/maven-surefire-plugin/xsd/surefire-test-report.xsd" name="com.math_lib.trigonometric_functions.AppTest" time="0.029" tests="41" errors="0" skipped="0" failures="0">
  <properties>
[...]
</properties>
  <testcase name="testTanN105" classname="com.math_lib.trigonometric_functions.AppTest" time="0.009"/>
  <testcase name="testTanN190" classname="com.math_lib.trigonometric_functions.AppTest" time="0"/>
  <testcase name="testTanN300" classname="com.math_lib.trigonometric_functions.AppTest" time="0"/>
  <testcase name="testCos45" classname="com.math_lib.trigonometric_functions.AppTest" time="0"/>
  <testcase name="testCos90" classname="com.math_lib.trigonometric_functions.AppTest" time="0"/>
  <testcase name="testSin45" classname="com.math_lib.trigonometric_functions.AppTest" time="0"/>
  <testcase name="testSin90" classname="com.math_lib.trigonometric_functions.AppTest" time="0"/>
  <testcase name="testTan45" classname="com.math_lib.trigonometric_functions.AppTest" time="0"/>
  <testcase name="testTan90" classname="com.math_lib.trigonometric_functions.AppTest" time="0"/>
  <testcase name="testCos0" classname="com.math_lib.trigonometric_functions.AppTest" time="0"/>
  <testcase name="testSin0" classname="com.math_lib.trigonometric_functions.AppTest" time="0"/>
  <testcase name="testTan0" classname="com.math_lib.trigonometric_functions.AppTest" time="0"/>
  <testcase name="testDegreeToRadian" classname="com.math_lib.trigonometric_functions.AppTest" time="0"/>
  <testcase name="testHandleRadian" classname="com.math_lib.trigonometric_functions.AppTest" time="0"/>
  <testcase name="testCosN105" classname="com.math_lib.trigonometric_functions.AppTest" time="0"/>
  <testcase name="testCosN190" classname="com.math_lib.trigonometric_functions.AppTest" time="0"/>
  <testcase name="testCosN300" classname="com.math_lib.trigonometric_functions.AppTest" time="0.001"/>
  <testcase name="testCos105" classname="com.math_lib.trigonometric_functions.AppTest" time="0"/>
  <testcase name="testCos180" classname="com.math_lib.trigonometric_functions.AppTest" time="0"/>
  <testcase name="testCos190" classname="com.math_lib.trigonometric_functions.AppTest" time="0"/>
  <testcase name="testCos270" classname="com.math_lib.trigonometric_functions.AppTest" time="0"/>
  <testcase name="testCos300" classname="com.math_lib.trigonometric_functions.AppTest" time="0"/>
  <testcase name="testCos360" classname="com.math_lib.trigonometric_functions.AppTest" time="0"/>
  <testcase name="testCosN45" classname="com.math_lib.trigonometric_functions.AppTest" time="0"/>
  <testcase name="testSinN105" classname="com.math_lib.trigonometric_functions.AppTest" time="0"/>
  <testcase name="testSinN190" classname="com.math_lib.trigonometric_functions.AppTest" time="0"/>
  <testcase name="testSinN300" classname="com.math_lib.trigonometric_functions.AppTest" time="0"/>
  <testcase name="testSin105" classname="com.math_lib.trigonometric_functions.AppTest" time="0"/>
  <testcase name="testSin180" classname="com.math_lib.trigonometric_functions.AppTest" time="0.001"/>
  <testcase name="testSin190" classname="com.math_lib.trigonometric_functions.AppTest" time="0"/>
  <testcase name="testSin270" classname="com.math_lib.trigonometric_functions.AppTest" time="0"/>
  <testcase name="testSin300" classname="com.math_lib.trigonometric_functions.AppTest" time="0"/>
  <testcase name="testSin360" classname="com.math_lib.trigonometric_functions.AppTest" time="0"/>
  <testcase name="testSinN45" classname="com.math_lib.trigonometric_functions.AppTest" time="0"/>
  <testcase name="testTan105" classname="com.math_lib.trigonometric_functions.AppTest" time="0"/>
  <testcase name="testTan180" classname="com.math_lib.trigonometric_functions.AppTest" time="0"/>
  <testcase name="testTan190" classname="com.math_lib.trigonometric_functions.AppTest" time="0"/>
  <testcase name="testTan270" classname="com.math_lib.trigonometric_functions.AppTest" time="0"/>
  <testcase name="testTan300" classname="com.math_lib.trigonometric_functions.AppTest" time="0"/>
  <testcase name="testTan360" classname="com.math_lib.trigonometric_functions.AppTest" time="0"/>
  <testcase name="testTanN45" classname="com.math_lib.trigonometric_functions.AppTest" time="0"/>
</testsuite>